j:\files\mgr\i_rok\ii\pwag\simulation\x64\release\vc143.pdb
j:\files\mgr\i_rok\ii\pwag\simulation\x64\release\imguicontrols.obj
j:\files\mgr\i_rok\ii\pwag\simulation\x64\release\smokesimulation.obj
j:\files\mgr\i_rok\ii\pwag\simulation\x64\release\logger.obj
j:\files\mgr\i_rok\ii\pwag\simulation\x64\release\grid.obj
j:\files\mgr\i_rok\ii\pwag\simulation\x64\release\renderer.obj
j:\files\mgr\i_rok\ii\pwag\simulation\x64\release\gltfmodel.obj
j:\files\mgr\i_rok\ii\pwag\simulation\x64\release\tiny_gltf.obj
j:\files\mgr\i_rok\ii\pwag\simulation\x64\release\shader.obj
j:\files\mgr\i_rok\ii\pwag\simulation\x64\release\camera.obj
j:\files\mgr\i_rok\ii\pwag\simulation\x64\release\application.obj
j:\files\mgr\i_rok\ii\pwag\simulation\x64\release\main.obj
j:\files\mgr\i_rok\ii\pwag\x64\release\simulation.exe
j:\files\mgr\i_rok\ii\pwag\simulation\x64\release\simulation.ipdb
j:\files\mgr\i_rok\ii\pwag\x64\release\simulation.pdb
j:\files\mgr\i_rok\ii\pwag\simulation\x64\release\simulation.iobj
j:\files\mgr\i_rok\ii\pwag\x64\release\glfw3.dll
j:\files\mgr\i_rok\ii\pwag\simulation\x64\release\simulation.tlog\cl.command.1.tlog
j:\files\mgr\i_rok\ii\pwag\simulation\x64\release\simulation.tlog\cl.items.tlog
j:\files\mgr\i_rok\ii\pwag\simulation\x64\release\simulation.tlog\cl.read.1.tlog
j:\files\mgr\i_rok\ii\pwag\simulation\x64\release\simulation.tlog\cl.write.1.tlog
j:\files\mgr\i_rok\ii\pwag\simulation\x64\release\simulation.tlog\link.command.1.tlog
j:\files\mgr\i_rok\ii\pwag\simulation\x64\release\simulation.tlog\link.read.1.tlog
j:\files\mgr\i_rok\ii\pwag\simulation\x64\release\simulation.tlog\link.write.1.tlog
j:\files\mgr\i_rok\ii\pwag\simulation\x64\release\simulation.tlog\simulation.write.1u.tlog
